[INFO] Scanning for projects...
[INFO] 
[INFO] ------------------------< com.funmicode:Estate >------------------------
[INFO] Building Estate 1.0-SNAPSHOT
[INFO]   from pom.xml
[INFO] --------------------------------[ jar ]---------------------------------
[INFO] 
[INFO] --- clean:3.4.1:clean (default-clean) @ Estate ---
[INFO] Deleting C:\Users\DELL\Desktop\Estate\target
[INFO] ------------------------------------------------------------------------
[INFO] BUILD FAILURE
[INFO] ------------------------------------------------------------------------
[INFO] Total time:  5.564 s
[INFO] Finished at: 2026-02-18T17:43:06+01:00
[INFO] ------------------------------------------------------------------------
[ERROR] Failed to execute goal org.apache.maven.plugins:maven-clean-plugin:3.4.1:clean (default-clean) on project Estate: Failed to clean project: Failed to delete C:\Users\DELL\Desktop\Estate\target\Estate-1.0-SNAPSHOT.jar: C:\Users\DELL\Desktop\Estate\target\Estate-1.0-SNAPSHOT.jar: The process cannot access the file because it is being used by another process -> [Help 1]
[ERROR] 
[ERROR] To see the full stack trace of the errors, re-run Maven with the -e switch.
[ERROR] Re-run Maven using the -X switch to enable full debug logging.
[ERROR] 
[ERROR] For more information about the errors and possible solutions, please read the following articles:
[ERROR] [Help 1] http://cwiki.apache.org/confluence/display/MAVEN/MojoExecutionException
